[
  {
    "level": "INFO",
    "message": "android.ndkVersion from module build.gradle is 23.0.7344513"
  },
  {
    "level": "INFO",
    "message": "ndk.dir in local.properties is not set"
  },
  {
    "level": "INFO",
    "message": "ANDROID_NDK_HOME environment variable is not set"
  },
  {
    "level": "INFO",
    "message": "sdkFolder is /Users/hejianong/Library/Android/sdk"
  },
  {
    "level": "INFO",
    "message": "Considering /Users/hejianong/Library/Android/sdk/ndk-bundle in SDK ndk-bundle folder"
  },
  {
    "level": "INFO",
    "message": "Considering /Users/hejianong/Library/Android/sdk/ndk/23.0.7530507 in SDK ndk folder"
  },
  {
    "level": "INFO",
    "message": "Considering /Users/hejianong/Library/Android/sdk/ndk/21.0.6113669 in SDK ndk folder"
  },
  {
    "level": "INFO",
    "message": "Rejected /Users/hejianong/Library/Android/sdk/ndk/21.0.6113669 in SDK ndk folder because that location has no source.properties"
  },
  {
    "level": "INFO",
    "message": "Found requested NDK version 23.0.7344513 at /Users/hejianong/Library/Android/sdk/ndk-bundle"
  }
]